Build started 17-May-18 11:27:47 AM.
     1>Project "F:\Educational Materials\Coding\CUDA C+\Cuda 2d Multiplicitation\2d Multiplication\2d Multiplication.vcxproj" on node 2 (Build target(s)).
     1>AddCudaCompileDeps:
         C:\Program Files (x86)\Microsoft Visual Studio 14.0\VC\bin\x86_amd64\cl.exe /E /nologo /showIncludes /TP /D__CUDACC__ /DWIN32 /DWIN64 /D_DEBUG /D_CONSOLE /D_MBCS /I"C:\Program Files\NVIDIA GPU Computing Toolkit\CUDA\v9.1\include" /I"C:\Program Files\NVIDIA GPU Computing Toolkit\CUDA\v9.1\bin" /I"C:\Program Files\NVIDIA GPU Computing Toolkit\CUDA\v9.1\include" /I. /FIcuda_runtime.h /c "F:\Educational Materials\Coding\CUDA C+\Cuda 2d Multiplicitation\2d Multiplication\kernel.cu" 
     1>Project "F:\Educational Materials\Coding\CUDA C+\Cuda 2d Multiplicitation\2d Multiplication\2d Multiplication.vcxproj" (1) is building "F:\Educational Materials\Coding\CUDA C+\Cuda 2d Multiplicitation\2d Multiplication\2d Multiplication.vcxproj" (1:2) on node 2 (CudaBuildCore target(s)).
     1>CudaBuildCore:
         Compiling CUDA source file kernel.cu...
         cmd.exe /C "C:\Users\ashiq\AppData\Local\Temp\tmpaf6256993d254b3eb2a85d3c565c132a.cmd"
         "C:\Program Files\NVIDIA GPU Computing Toolkit\CUDA\v9.1\bin\nvcc.exe" -gencode=arch=compute_30,code=\"sm_30,compute_30\" --use-local-env --cl-version 2015 -ccbin "C:\Program Files (x86)\Microsoft Visual Studio 14.0\VC\bin\x86_amd64" -x cu  -I"C:\Program Files\NVIDIA GPU Computing Toolkit\CUDA\v9.1\include" -I"C:\Program Files\NVIDIA GPU Computing Toolkit\CUDA\v9.1\include"  -G   --keep-dir x64\Debug -maxrregcount=0  --machine 64 --compile -cudart static  -g   -DWIN32 -DWIN64 -D_DEBUG -D_CONSOLE -D_MBCS -Xcompiler "/EHsc /W3 /nologo /Od /FS /Zi /RTC1 /MDd " -o x64\Debug\kernel.cu.obj "F:\Educational Materials\Coding\CUDA C+\Cuda 2d Multiplicitation\2d Multiplication\kernel.cu"
         
         F:\Educational Materials\Coding\CUDA C+\Cuda 2d Multiplicitation\2d Multiplication>"C:\Program Files\NVIDIA GPU Computing Toolkit\CUDA\v9.1\bin\nvcc.exe" -gencode=arch=compute_30,code=\"sm_30,compute_30\" --use-local-env --cl-version 2015 -ccbin "C:\Program Files (x86)\Microsoft Visual Studio 14.0\VC\bin\x86_amd64" -x cu  -I"C:\Program Files\NVIDIA GPU Computing Toolkit\CUDA\v9.1\include" -I"C:\Program Files\NVIDIA GPU Computing Toolkit\CUDA\v9.1\include"  -G   --keep-dir x64\Debug -maxrregcount=0  --machine 64 --compile -cudart static  -g   -DWIN32 -DWIN64 -D_DEBUG -D_CONSOLE -D_MBCS -Xcompiler "/EHsc /W3 /nologo /Od /FS /Zi /RTC1 /MDd " -o x64\Debug\kernel.cu.obj "F:\Educational Materials\Coding\CUDA C+\Cuda 2d Multiplicitation\2d Multiplication\kernel.cu" 
         kernel.cu
     1>Done Building Project "F:\Educational Materials\Coding\CUDA C+\Cuda 2d Multiplicitation\2d Multiplication\2d Multiplication.vcxproj" (CudaBuildCore target(s)).
     1>Link:
         C:\Program Files (x86)\Microsoft Visual Studio 14.0\VC\bin\x86_amd64\link.exe /ERRORREPORT:PROMPT /OUT:"F:\Educational Materials\Coding\CUDA C+\Cuda 2d Multiplicitation\x64\Debug\2d Multiplication.exe" /INCREMENTAL /NOLOGO /LIBPATH:"C:\Program Files\NVIDIA GPU Computing Toolkit\CUDA\v9.1\lib\x64" cudart.lib kernel32.lib user32.lib gdi32.lib winspool.lib comdlg32.lib advapi32.lib shell32.lib ole32.lib oleaut32.lib uuid.lib odbc32.lib odbccp32.lib kernel32.lib user32.lib gdi32.lib winspool.lib comdlg32.lib advapi32.lib shell32.lib ole32.lib oleaut32.lib uuid.lib odbc32.lib odbccp32.lib /MANIFEST /MANIFESTUAC:"level='asInvoker' uiAccess='false'" /manifest:embed /Debug /PDB:"F:\Educational Materials\Coding\CUDA C+\Cuda 2d Multiplicitation\x64\Debug\2d Multiplication.pdb" /SUBSYSTEM:CONSOLE /TLBID:1 /DYNAMICBASE /NXCOMPAT /IMPLIB:"F:\Educational Materials\Coding\CUDA C+\Cuda 2d Multiplicitation\x64\Debug\2d Multiplication.lib" /MACHINE:X64 x64\Debug\kernel.cu.obj
         2d Multiplication.vcxproj -> F:\Educational Materials\Coding\CUDA C+\Cuda 2d Multiplicitation\x64\Debug\2d Multiplication.exe
       PostBuildEvent:
         echo copy "C:\Program Files\NVIDIA GPU Computing Toolkit\CUDA\v9.1\bin\cudart*.dll" "F:\Educational Materials\Coding\CUDA C+\Cuda 2d Multiplicitation\x64\Debug\"
         copy "C:\Program Files\NVIDIA GPU Computing Toolkit\CUDA\v9.1\bin\cudart*.dll" "F:\Educational Materials\Coding\CUDA C+\Cuda 2d Multiplicitation\x64\Debug\"
         :VCEnd
         copy "C:\Program Files\NVIDIA GPU Computing Toolkit\CUDA\v9.1\bin\cudart*.dll" "F:\Educational Materials\Coding\CUDA C+\Cuda 2d Multiplicitation\x64\Debug\"
         C:\Program Files\NVIDIA GPU Computing Toolkit\CUDA\v9.1\bin\cudart32_91.dll
         C:\Program Files\NVIDIA GPU Computing Toolkit\CUDA\v9.1\bin\cudart64_91.dll
                 2 file(s) copied.
     1>Done Building Project "F:\Educational Materials\Coding\CUDA C+\Cuda 2d Multiplicitation\2d Multiplication\2d Multiplication.vcxproj" (Build target(s)).

Build succeeded.

Time Elapsed 00:00:06.59
